\BOOKMARK [1][-]{section.1}{Introduction and Problem Statement}{}% 1
\BOOKMARK [2][-]{subsection.1.1}{Introduction and Background}{section.1}% 2
\BOOKMARK [2][-]{subsection.1.2}{Related Work}{section.1}% 3
\BOOKMARK [2][-]{subsection.1.3}{Problem Statement}{section.1}% 4
\BOOKMARK [1][-]{section.2}{Dataset and Networks}{}% 5
\BOOKMARK [2][-]{subsection.2.1}{Dataset and Scraping Data}{section.2}% 6
\BOOKMARK [2][-]{subsection.2.2}{Team Ranking Networks}{section.2}% 7
\BOOKMARK [3][-]{subsubsection.2.2.1}{Weighted Method}{subsection.2.2}% 8
\BOOKMARK [3][-]{subsubsection.2.2.2}{Average Point Differential \(APD\)}{subsection.2.2}% 9
\BOOKMARK [3][-]{subsubsection.2.2.3}{Deviant Baseline \(DB\)}{subsection.2.2}% 10
\BOOKMARK [3][-]{subsubsection.2.2.4}{Pick on Someone Your own Size \(PSYS\)}{subsection.2.2}% 11
\BOOKMARK [2][-]{subsection.2.3}{Player Ranking Networks}{section.2}% 12
\BOOKMARK [3][-]{subsubsection.2.3.1}{Team-pair Analysis}{subsection.2.3}% 13
\BOOKMARK [3][-]{subsubsection.2.3.2}{All-Star Analysis}{subsection.2.3}% 14
\BOOKMARK [1][-]{section.3}{Solution Implementation}{}% 15
\BOOKMARK [2][-]{subsection.3.1}{Team Ranking Implementation}{section.3}% 16
\BOOKMARK [3][-]{subsubsection.3.1.1}{Scraping}{subsection.3.1}% 17
\BOOKMARK [3][-]{subsubsection.3.1.2}{Networks}{subsection.3.1}% 18
\BOOKMARK [2][-]{subsection.3.2}{Player Ranking Implementation}{section.3}% 19
\BOOKMARK [3][-]{subsubsection.3.2.1}{Scraping}{subsection.3.2}% 20
\BOOKMARK [3][-]{subsubsection.3.2.2}{Networks}{subsection.3.2}% 21
\BOOKMARK [1][-]{section.4}{Results and Discussion}{}% 22
\BOOKMARK [2][-]{subsection.4.1}{Team Ranking Analysis}{section.4}% 23
\BOOKMARK [3][-]{subsubsection.4.1.1}{Sequential Accuracy Analysis}{subsection.4.1}% 24
\BOOKMARK [3][-]{subsubsection.4.1.2}{Playoff Analysis}{subsection.4.1}% 25
\BOOKMARK [3][-]{subsubsection.4.1.3}{Qualitative Rank Analysis}{subsection.4.1}% 26
\BOOKMARK [2][-]{subsection.4.2}{Player Ranking Analysis}{section.4}% 27
\BOOKMARK [3][-]{subsubsection.4.2.1}{Team-pair Analysis}{subsection.4.2}% 28
\BOOKMARK [3][-]{subsubsection.4.2.2}{All-Star Analysis}{subsection.4.2}% 29
\BOOKMARK [1][-]{section.5}{Conclusion}{}% 30
\BOOKMARK [1][-]{section.6}{Future Work}{}% 31
\BOOKMARK [1][-]{section.7}{Contribution of Individuals}{}% 32
\BOOKMARK [1][-]{section.8}{References}{}% 33
\BOOKMARK [1][-]{section.9}{Appendix}{}% 34
\BOOKMARK [2][-]{subsection.9.1}{Appendix A.1}{section.9}% 35
\BOOKMARK [2][-]{subsection.9.2}{Appendix A.2}{section.9}% 36
\BOOKMARK [2][-]{subsection.9.3}{Appendix A.3}{section.9}% 37
\BOOKMARK [2][-]{subsection.9.4}{Appendix A.4}{section.9}% 38
\BOOKMARK [2][-]{subsection.9.5}{Appendix B}{section.9}% 39
